<?xml version="1.0" encoding="utf-8"?><testsuites name="pytest tests"><testsuite name="pytest" errors="0" failures="0" skipped="0" tests="25" time="24.320" timestamp="2026-08-30T13:35:23.784733+00:00" hostname="agent-env-925b067f-5e02-4ee5-a2c8-3e490a47339d"><testcase classname="tests.test_medimind" name="test_health" time="0.348" /><testcase classname="tests.test_medimind" name="test_config" time="0.171" /><testcase classname="tests.test_medimind" name="test_chat_medical_qa" time="8.123" /><testcase classname="tests.test_medimind" name="test_chat_low_confidence_escalation" time="6.171" /><testcase classname="tests.test_medimind" name="test_chat_emergency" time="0.058" /><testcase classname="tests.test_medimind" name="test_chat_web_research_keyword" time="2.546" /><testcase classname="tests.test_medimind" name="test_chat_empty" time="0.055" /><testcase classname="tests.test_medimind" name="test_list_demo_documents" time="0.056" /><testcase classname="tests.test_medimind" name="test_upload_pdf" time="0.238" /><testcase classname="tests.test_medimind" name="test_query_demo_document" time="2.761" /><testcase classname="tests.test_medimind" name="test_delete_demo_refused" time="0.111" /><testcase classname="tests.test_medimind" name="test_delete_uploaded_doc" time="0.060" /><testcase classname="tests.test_medimind" name="test_web_search" time="0.055" /><testcase classname="tests.test_medimind" name="test_imaging[chest-xray-chest]" time="0.228" /><testcase classname="tests.test_medimind" name="test_imaging[skin-lesion-skin]" time="0.160" /><testcase classname="tests.test_medimind" name="test_imaging[brain-tumor-brain]" time="0.147" /><testcase classname="tests.test_medimind" name="test_list_reviews" time="0.057" /><testcase classname="tests.test_medimind" name="test_approve_review" time="0.113" /><testcase classname="tests.test_medimind" name="test_reject_review" time="0.057" /><testcase classname="tests.test_medimind" name="test_second_review" time="0.058" /><testcase classname="tests.test_medimind" name="test_analytics" time="0.057" /><testcase classname="tests.test_medimind" name="test_conversations" time="0.063" /><testcase classname="tests.test_medimind" name="test_dashboard" time="0.055" /><testcase classname="tests.test_medimind" name="test_voice_speak" time="1.927" /><testcase classname="tests.test_medimind" name="test_voice_transcribe_missing_file" time="0.182" /></testsuite></testsuites>